<?xml version="1.0" encoding="UTF-8"?>
<!-- Generated by org.testng.reporters.JUnitReportReporter -->
<testsuite skipped="0" hostname="DESKTOP-I24MAUC" name="MM_healthcare.Profile" tests="1" failures="0" timestamp="14 Mar 2020 17:47:39 GMT" time="28.734" errors="0">
  <testcase name="profile" time="28.734" classname="MM_healthcare.Profile"/>
</testsuite> <!-- MM_healthcare.Profile -->
